100 down-sampled 0.04343787 0.05077234 
101 down-sampled 0.1142369 0.05165715 
102 down-sampled 0.02116986 0.05041134 
103 down-sampled -0.03965378 0.04914762 
104 down-sampled -0.04846076 0.04890539 
105 down-sampled 0.1081055 0.05156388 
106 down-sampled 0.08727153 0.05139999 
107 down-sampled 0.005142028 0.05011421 
108 down-sampled 0.09298084 0.05136252 
109 down-sampled 0.02431071 0.05041092 
10 down-sampled 0.08519634 0.05135924 
110 down-sampled -0.005824461 0.04991292 
111 down-sampled 0.05213734 0.0509367 
112 down-sampled 0.006093596 0.05015185 
113 down-sampled 0.1037749 0.05156296 
114 down-sampled -0.003552295 0.04998094 
115 down-sampled 0.1116269 0.05155899 
116 down-sampled 0.02950274 0.05052007 
117 down-sampled 0.08122361 0.05128445 
118 down-sampled 0.06044184 0.05104622 
119 down-sampled 0.08449688 0.05132905 
11 down-sampled 0.09614655 0.05143717 
120 down-sampled 0.08741907 0.05138675 
121 down-sampled 0.1200149 0.05174726 
122 down-sampled 0.06509914 0.05112205 
123 down-sampled 0.1164263 0.0516561 
124 down-sampled -0.004721685 0.04991673 
125 down-sampled 0.05777733 0.05102033 
126 down-sampled 0.05373372 0.05093342 
127 down-sampled 0.0297908 0.05050397 
128 down-sampled 0.05754135 0.05098433 
129 down-sampled 0.04424082 0.05078644 
12 down-sampled 0.05514573 0.05099396 
130 down-sampled 0.1036645 0.05154131 
131 down-sampled 0.02217689 0.05042116 
132 down-sampled 0.09038916 0.0513937 
133 down-sampled 0.06627034 0.05114506 
134 down-sampled 0.07427291 0.05118238 
135 down-sampled 0.08602209 0.05134369 
136 down-sampled -0.02596479 0.04944716 
137 down-sampled 0.1080014 0.05160901 
138 down-sampled 0.05981324 0.05103932 
139 down-sampled 0.04985574 0.05085236 
13 down-sampled 0.1070135 0.05154773 
140 down-sampled 0.06104269 0.05101927 
141 down-sampled 0.1779422 0.05201669 
142 down-sampled 0.02685484 0.05048871 
143 down-sampled 0.07698337 0.051249 
144 down-sampled 0.1372333 0.05185607 
145 down-sampled 0.05758751 0.05092761 
146 down-sampled 0.1321698 0.05178812 
147 down-sampled 0.07227769 0.05118929 
148 down-sampled -0.001695915 0.04997078 
149 down-sampled 0.1248706 0.0517323 
14 down-sampled 0.07726284 0.05123637 
150 down-sampled -0.008099272 0.04985107 
151 down-sampled 0.01959342 0.0503938 
152 down-sampled 0.0662032 0.05110759 
153 down-sampled 0.05424444 0.05096221 
154 down-sampled 0.1075798 0.05157791 
155 down-sampled 0.02452627 0.05045001 
156 down-sampled 0.08533053 0.05132606 
157 down-sampled 0.1237645 0.05170898 
158 down-sampled 0.1003615 0.05150048 
159 down-sampled -0.03654755 0.04919975 
15 down-sampled 0.1247964 0.05174028 
160 down-sampled 0.129386 0.05178798 
161 down-sampled 0.149533 0.05191325 
162 down-sampled 0.1143232 0.05159248 
163 down-sampled 0.1149737 0.05163152 
164 down-sampled 0.03783865 0.05067409 
165 down-sampled 0.09138719 0.05144212 
166 down-sampled 0.04883619 0.05085905 
167 down-sampled 0.04588296 0.05083323 
168 down-sampled 0.09848188 0.0514923 
169 down-sampled 0.1083361 0.0516295 
16 down-sampled 0.05763759 0.05098111 
170 down-sampled -0.00097711 0.04999084 
171 down-sampled 0.003009901 0.05003273 
172 down-sampled 0.09539067 0.05145701 
173 down-sampled -0.006427743 0.04989474 
174 down-sampled 0.1238901 0.05171619 
175 down-sampled 0.1075705 0.05159479 
176 down-sampled 0.03899798 0.05069541 
177 down-sampled 0.07303433 0.05120901 
178 down-sampled 0.03071902 0.0505471 
179 down-sampled 0.08076818 0.05126333 
17 down-sampled -0.000830816 0.04998938 
180 down-sampled 0.1279572 0.05171513 
181 down-sampled 0.06259418 0.05106621 
182 down-sampled 0.04839054 0.05082733 
183 down-sampled 0.1374561 0.05181143 
184 down-sampled 0.1079057 0.0516018 
185 down-sampled 0.1638938 0.05199231 
186 down-sampled 0.0623882 0.05106609 
187 down-sampled 0.1037487 0.0515366 
188 down-sampled 0.1257857 0.05169727 
189 down-sampled 0.06594464 0.0510964 
18 down-sampled 0.04829598 0.05086365 
190 down-sampled -0.05612006 0.04873867 
191 down-sampled -0.02078236 0.04955365 
192 down-sampled 0.0408875 0.05071358 
193 down-sampled 0.135113 0.05180676 
194 down-sampled 0.1834008 0.05203126 
195 down-sampled 0.02911802 0.05054129 
196 down-sampled 0.06579526 0.05111215 
197 down-sampled 0.1602167 0.05191405 
198 down-sampled 0.003510464 0.05007993 
199 down-sampled 0.06568719 0.05109924 
19 down-sampled -0.0001166899 0.04993317 
1 down-sampled 0.03701624 0.05065219 
200 down-sampled 0.07539956 0.05118717 
201 down-sampled 0.0417233 0.05072804 
202 down-sampled -0.01993917 0.04956483 
203 down-sampled 0.1786227 0.05203575 
204 down-sampled 0.08614751 0.05133339 
205 down-sampled 0.0771786 0.05127621 
206 down-sampled -0.002009913 0.04992071 
207 down-sampled 0.0301311 0.05057589 
208 down-sampled 0.1611798 0.05195025 
209 down-sampled 0.09118584 0.05140907 
20 down-sampled 0.02242702 0.0504597 
210 down-sampled 0.1564695 0.05192525 
211 down-sampled 0.07249081 0.05117646 
212 down-sampled 0.104543 0.051561 
213 down-sampled 0.01967975 0.05038055 
214 down-sampled 0.02067891 0.05040685 
215 down-sampled 0.100897 0.05152635 
216 down-sampled 0.08093837 0.05130343 
217 down-sampled 0.01710484 0.05036207 
218 down-sampled 0.03858366 0.05070098 
219 down-sampled 0.09912758 0.05148669 
21 down-sampled 0.120967 0.05168588 
220 down-sampled 0.1009113 0.05154635 
221 down-sampled 0.06496828 0.051131 
222 down-sampled 0.09803937 0.05146831 
223 down-sampled 0.05741373 0.05099219 
224 down-sampled 0.06649322 0.05108456 
225 down-sampled 0.08505798 0.05134602 
226 down-sampled 0.04619079 0.05079417 
227 down-sampled 0.1162427 0.05163475 
228 down-sampled 0.05221721 0.05089328 
229 down-sampled 0.07146895 0.0511776 
22 down-sampled 0.1374181 0.05182815 
230 down-sampled -0.002480642 0.04994471 
231 down-sampled 0.1091825 0.05161574 
232 down-sampled 0.07531181 0.05122835 
233 down-sampled 0.04124236 0.05071694 
234 down-sampled -0.01911139 0.04962555 
235 down-sampled 0.05523128 0.05097749 
236 down-sampled 0.13997 0.05182507 
237 down-sampled 0.02561461 0.05052028 
238 down-sampled 0.1069702 0.05158253 
239 down-sampled 0.01722074 0.05029787 
23 down-sampled 0.01229011 0.05025594 
240 down-sampled 0.0828558 0.05131942 
241 down-sampled 0.1027826 0.05152326 
242 down-sampled 0.01579544 0.05030997 
243 down-sampled 0.1320306 0.05176875 
244 down-sampled 0.06883516 0.05111866 
245 down-sampled -0.02447299 0.04945865 
246 down-sampled 0.06080349 0.05104039 
247 down-sampled 0.01772265 0.05032837 
248 down-sampled 0.04472696 0.05080576 
249 down-sampled 0.02600972 0.05044904 
24 down-sampled 0.1055726 0.05155671 
250 down-sampled 0.06108268 0.05106722 
251 down-sampled 0.0325785 0.05060811 
252 down-sampled 0.04986175 0.0508648 
253 down-sampled 0.1458883 0.05186576 
254 down-sampled 0.1989934 0.05207216 
255 down-sampled 0.1057873 0.05154265 
256 down-sampled 0.0850664 0.05135397 
257 down-sampled 0.06209606 0.0510444 
258 down-sampled 0.1368786 0.05185904 
259 down-sampled 0.08824355 0.05140991 
25 down-sampled 0.002687777 0.05007219 
260 down-sampled 0.03995812 0.05071707 
261 down-sampled 0.1514763 0.05189907 
262 down-sampled 0.08461393 0.05132062 
263 down-sampled 0.04312378 0.05074419 
264 down-sampled 0.02987806 0.05053991 
265 down-sampled 0.1657204 0.05197728 
266 down-sampled 0.01497558 0.05027093 
267 down-sampled 0.04669497 0.05079102 
268 down-sampled 0.04339429 0.0508156 
269 down-sampled 0.09203659 0.05148102 
26 down-sampled 0.0465737 0.05080344 
270 down-sampled 0.1213817 0.05170094 
271 down-sampled 0.07616763 0.05120827 
272 down-sampled 0.1410511 0.05184777 
273 down-sampled 0.015403 0.05035779 
274 down-sampled 0.07552844 0.05119179 
275 down-sampled 0.09716302 0.0514513 
276 down-sampled 0.09891568 0.05151086 
277 down-sampled 0.07049712 0.05116579 
278 down-sampled 0.09248315 0.05142361 
279 down-sampled -6.175056e-05 0.05001786 
27 down-sampled 0.0907298 0.05137854 
280 down-sampled -0.06369977 0.04849555 
281 down-sampled 0.1175453 0.05166596 
282 down-sampled 0.1047852 0.05155884 
283 down-sampled -0.04267977 0.04904069 
284 down-sampled 0.06667115 0.05113722 
285 down-sampled 0.1007435 0.05148835 
286 down-sampled 0.1172705 0.05165858 
287 down-sampled 0.1317501 0.05179575 
288 down-sampled 0.01444295 0.0502326 
289 down-sampled 0.06624492 0.05113632 
28 down-sampled 0.08308031 0.05126386 
290 down-sampled 0.1123569 0.05160449 
291 down-sampled 0.009594951 0.05022265 
292 down-sampled 0.08377085 0.05133755 
293 down-sampled 0.1140844 0.05163299 
294 down-sampled -0.03017946 0.04932489 
295 down-sampled 0.01812387 0.05035519 
296 down-sampled 0.1129814 0.05157727 
297 down-sampled 0.088439 0.0513947 
298 down-sampled 0.09874843 0.05149674 
299 down-sampled 0.111247 0.05160364 
29 down-sampled 0.07033221 0.05116719 
2 down-sampled 0.07615706 0.05124311 
300 down-sampled 0.1118543 0.05158109 
301 down-sampled 0.0237926 0.05044543 
302 down-sampled 0.08819923 0.05137547 
303 down-sampled 0.07930131 0.05127553 
304 down-sampled 0.04211359 0.05077577 
305 down-sampled 0.1851682 0.05205323 
306 down-sampled 0.114762 0.05163213 
307 down-sampled -0.002109567 0.04996766 
308 down-sampled 0.1324122 0.05182157 
309 down-sampled 0.1033275 0.05156756 
30 down-sampled 0.0355832 0.05065458 
310 down-sampled 0.07363296 0.05122084 
311 down-sampled 0.09716705 0.05148076 
312 down-sampled 0.07335145 0.05122352 
313 down-sampled 0.0716923 0.05117832 
314 down-sampled 0.05298553 0.05089413 
315 down-sampled 0.07148327 0.0511468 
316 down-sampled 0.1340801 0.05183567 
317 down-sampled 0.05415679 0.05090792 
318 down-sampled 0.02274178 0.05042524 
319 down-sampled 0.02511032 0.05047595 
31 down-sampled 0.1165953 0.05167233 
320 down-sampled 0.08251567 0.05132834 
321 down-sampled -0.03281024 0.04926846 
322 down-sampled 0.01282787 0.05029425 
323 down-sampled 0.1628482 0.05197311 
324 down-sampled 0.02421381 0.05041838 
325 down-sampled 0.09726716 0.05146488 
326 down-sampled 0.09244631 0.05144201 
327 down-sampled 0.1035742 0.05157998 
328 down-sampled 0.1170209 0.05166898 
329 down-sampled 0.1395898 0.0518407 
32 down-sampled 0.1088933 0.05156971 
330 down-sampled 0.07617952 0.05128399 
331 down-sampled 0.09200191 0.05142996 
332 down-sampled 0.1003915 0.05151766 
333 down-sampled 0.09437525 0.0514429 
334 down-sampled 0.09060722 0.05145449 
335 down-sampled 0.07170279 0.05120214 
336 down-sampled 0.06978654 0.05118527 
337 down-sampled 0.1318689 0.05176674 
338 down-sampled 0.1163401 0.05160205 
339 down-sampled 0.03260976 0.05059455 
33 down-sampled 0.07615579 0.05124991 
340 down-sampled 0.05061775 0.05088168 
341 down-sampled 0.07531963 0.05122271 
342 down-sampled 0.09617302 0.05144063 
343 down-sampled 0.1253787 0.05173481 
344 down-sampled 0.05560142 0.05099473 
345 down-sampled 0.05895294 0.05103842 
346 down-sampled 0.07236519 0.05119 
347 down-sampled 0.04942354 0.05088395 
348 down-sampled 0.1020396 0.05152112 
349 down-sampled 0.05424873 0.05096354 
34 down-sampled 0.1724398 0.05200667 
350 down-sampled 0.09386485 0.05141729 
351 down-sampled 0.0416726 0.05078281 
352 down-sampled 0.178264 0.0520227 
353 down-sampled 0.002061816 0.0500024 
354 down-sampled 0.1080498 0.05159203 
355 down-sampled 0.08032904 0.05128543 
356 down-sampled 0.08655302 0.05136407 
357 down-sampled 0.1473297 0.05184547 
358 down-sampled 0.06889996 0.05116319 
359 down-sampled 0.1238314 0.05169886 
35 down-sampled 0.02004841 0.05037905 
360 down-sampled 0.06255572 0.05108275 
361 down-sampled 0.1309634 0.05179215 
362 down-sampled -0.0462042 0.049022 
363 down-sampled 0.06419102 0.05108468 
364 down-sampled 0.06970471 0.05116685 
365 down-sampled 0.09497108 0.05144921 
366 down-sampled 0.007220171 0.05011755 
367 down-sampled 0.07074716 0.05114574 
368 down-sampled 0.1627452 0.05198505 
369 down-sampled 0.0751669 0.05120144 
36 down-sampled -0.02617821 0.04947885 
370 down-sampled 0.1097441 0.05157535 
371 down-sampled 0.008219712 0.05012852 
372 down-sampled 0.04520555 0.05081052 
373 down-sampled 0.1373584 0.05181546 
374 down-sampled 0.0003585209 0.04997077 
375 down-sampled 0.02511026 0.05045811 
376 down-sampled 0.02165542 0.05046868 
377 down-sampled 0.07208855 0.05120599 
378 down-sampled 0.003375211 0.05003558 
379 down-sampled -0.05973652 0.04865841 
37 down-sampled 0.1400508 0.05186086 
380 down-sampled 0.1045393 0.05154732 
381 down-sampled 0.02939642 0.05053302 
382 down-sampled 0.1440236 0.05185179 
383 down-sampled 0.1557438 0.05191738 
384 down-sampled 0.03857026 0.05069345 
385 down-sampled 0.1025813 0.05156857 
386 down-sampled 0.07974261 0.05129063 
387 down-sampled 0.1056073 0.05154208 
388 down-sampled 0.0936658 0.05146953 
389 down-sampled 0.1382219 0.05176219 
38 down-sampled 0.06522924 0.0511308 
390 down-sampled 0.007454465 0.05017166 
391 down-sampled 0.0321184 0.05063691 
392 down-sampled 0.120264 0.05169109 
393 down-sampled 0.129819 0.05176977 
394 down-sampled 0.08580741 0.05132433 
395 down-sampled 0.02543793 0.05047845 
396 down-sampled -0.009243086 0.04983012 
397 down-sampled 0.08941883 0.05137508 
398 down-sampled 0.09668764 0.05144714 
399 down-sampled 0.1081864 0.05156971 
39 down-sampled 0.1377409 0.05185125 
3 down-sampled 0.07560085 0.0512438 
400 down-sampled 0.05700519 0.05089521 
401 down-sampled -0.02303881 0.04951568 
402 down-sampled 0.04294926 0.05077128 
403 down-sampled 0.06325166 0.05104747 
404 down-sampled 0.1566115 0.05195285 
405 down-sampled 0.08139711 0.05128455 
406 down-sampled 0.0008073762 0.05004247 
407 down-sampled 0.07729142 0.05127229 
408 down-sampled 0.1214066 0.05173228 
409 down-sampled 0.04739316 0.05080038 
40 down-sampled 0.08399345 0.05130987 
410 down-sampled 0.09105597 0.05139169 
411 down-sampled 0.1144975 0.05165708 
412 down-sampled 0.02297281 0.05043985 
413 down-sampled 0.002842739 0.05009065 
414 down-sampled 0.1578511 0.05192988 
415 down-sampled 0.07061525 0.05116687 
416 down-sampled -0.02735633 0.04947153 
417 down-sampled 0.0781888 0.05126712 
418 down-sampled 0.03176671 0.05058757 
419 down-sampled 0.06752521 0.05113611 
41 down-sampled 0.03719846 0.05066362 
420 down-sampled 0.09623574 0.05148421 
421 down-sampled 0.1430584 0.05188239 
422 down-sampled 0.09418441 0.05141584 
423 down-sampled 0.081612 0.05129506 
424 down-sampled 0.1407027 0.0518453 
425 down-sampled -0.05607487 0.04871381 
426 down-sampled -0.002285678 0.04996468 
427 down-sampled -0.009210505 0.04985398 
428 down-sampled 0.08811953 0.05137123 
429 down-sampled 0.08007482 0.05130738 
42 down-sampled 0.08175929 0.05126281 
430 down-sampled 0.07548978 0.05123899 
431 down-sampled 0.1447345 0.0518973 
432 down-sampled 0.1234754 0.05170371 
433 down-sampled 0.07949016 0.05130391 
434 down-sampled 0.06314297 0.05101735 
435 down-sampled 0.02389854 0.05043851 
436 down-sampled 0.07042653 0.05116215 
437 down-sampled 0.06417447 0.05107122 
438 down-sampled 0.1024872 0.05153533 
439 down-sampled -0.02048631 0.04955383 
43 down-sampled 0.02189498 0.05041279 
440 down-sampled 0.04382004 0.0507601 
441 down-sampled 0.1901401 0.05203588 
442 down-sampled 0.1252901 0.05171457 
443 down-sampled 0.08295837 0.05130848 
444 down-sampled 0.06057517 0.05101643 
445 down-sampled 0.07213145 0.05119001 
446 down-sampled 0.09887849 0.05148977 
447 down-sampled 0.04684373 0.05081073 
448 down-sampled 0.04057564 0.05077015 
449 down-sampled 0.05153767 0.05090325 
44 down-sampled 0.1363448 0.05180337 
450 down-sampled 0.0700035 0.05115732 
451 down-sampled 0.06170808 0.05107966 
452 down-sampled 0.1147695 0.05163762 
453 down-sampled 0.01776828 0.05034695 
454 down-sampled -0.03327696 0.04928258 
455 down-sampled 0.04228437 0.05070799 
456 down-sampled 0.05335065 0.05090068 
457 down-sampled 0.09337747 0.05145522 
458 down-sampled 0.1101087 0.05157839 
459 down-sampled 0.08947083 0.05135831 
45 down-sampled 0.1119485 0.05163415 
460 down-sampled 0.006810668 0.0501405 
461 down-sampled 0.07347786 0.05119258 
462 down-sampled 0.0431908 0.05079127 
463 down-sampled 0.0484607 0.05087555 
464 down-sampled 0.08370752 0.05131801 
465 down-sampled 0.06252724 0.05104407 
466 down-sampled 0.01928985 0.05038352 
467 down-sampled 0.09262305 0.05145708 
468 down-sampled 0.06507553 0.05107983 
469 down-sampled 0.06586714 0.0510809 
46 down-sampled 0.03910559 0.05067918 
470 down-sampled 0.1755666 0.05200391 
471 down-sampled 0.1815949 0.05203567 
472 down-sampled 0.0794134 0.05124204 
473 down-sampled 0.009621457 0.05014454 
474 down-sampled 0.1840217 0.05203183 
475 down-sampled 0.003224934 0.0500953 
476 down-sampled 0.03113627 0.0505944 
477 down-sampled 0.1182542 0.05165069 
478 down-sampled 0.1699853 0.05196864 
479 down-sampled 0.0740772 0.05121537 
47 down-sampled -0.01283786 0.0497505 
480 down-sampled 0.0867531 0.05138758 
481 down-sampled 0.0890719 0.05137141 
482 down-sampled 0.05952427 0.05099927 
483 down-sampled 0.1198831 0.05168344 
484 down-sampled 0.1417427 0.05183086 
485 down-sampled 0.07008832 0.05117479 
486 down-sampled 0.1364355 0.05182902 
487 down-sampled 0.09570512 0.05145306 
488 down-sampled 0.02450158 0.0504374 
489 down-sampled 0.133817 0.05176846 
48 down-sampled 0.1598702 0.05192009 
490 down-sampled 0.06802211 0.05109757 
491 down-sampled 0.004898913 0.05006949 
492 down-sampled 0.1189335 0.0516697 
493 down-sampled 0.06748162 0.05111165 
494 down-sampled 0.1231276 0.05170899 
495 down-sampled 0.08466251 0.05131586 
496 down-sampled 0.02030982 0.05040847 
497 down-sampled 0.09474243 0.05146091 
498 down-sampled 0.09216579 0.05141451 
499 down-sampled 0.09818047 0.05149325 
49 down-sampled 0.07851493 0.05126014 
4 down-sampled 0.1096586 0.05161386 
500 down-sampled 0.06689477 0.05108531 
50 down-sampled 0.04058823 0.0507344 
51 down-sampled 0.06411584 0.05106491 
52 down-sampled 0.08334672 0.05133232 
53 down-sampled 0.02933889 0.05054461 
54 down-sampled 0.09070292 0.05138844 
55 down-sampled 0.08917646 0.05140201 
56 down-sampled 0.01434405 0.05024074 
57 down-sampled 0.08751367 0.05135524 
58 down-sampled 0.05191604 0.050908 
59 down-sampled 0.05713189 0.05100896 
5 down-sampled 0.07039926 0.05115647 
60 down-sampled 0.07076387 0.0511176 
61 down-sampled 0.1139535 0.05160027 
62 down-sampled 0.1693962 0.05200257 
63 down-sampled 0.01782218 0.0503299 
64 down-sampled 0.05600108 0.05094442 
65 down-sampled 0.03345638 0.05058495 
66 down-sampled 0.001584447 0.05002942 
67 down-sampled 0.01055981 0.05020376 
68 down-sampled 0.05873446 0.05099389 
69 down-sampled -0.07810895 0.04818871 
6 down-sampled 0.08594469 0.0513574 
70 down-sampled 0.0137629 0.05028248 
71 down-sampled 0.04040186 0.05073744 
72 down-sampled 0.1470772 0.05190483 
73 down-sampled 0.08326876 0.05131723 
74 down-sampled 0.09779728 0.05145836 
75 down-sampled 0.09125763 0.05144689 
76 down-sampled 0.09800268 0.05148778 
77 down-sampled 0.01311267 0.05027428 
78 down-sampled -0.008728485 0.04979964 
79 down-sampled -0.008051232 0.04987088 
7 down-sampled 0.1084366 0.05157509 
80 down-sampled 0.1268769 0.05179162 
81 down-sampled 0.1267589 0.05176551 
82 down-sampled 0.1513524 0.05192455 
83 down-sampled 0.07728916 0.05122114 
84 down-sampled 0.1035621 0.0515593 
85 down-sampled 0.1542933 0.05186234 
86 down-sampled 0.07929285 0.05129611 
87 down-sampled 0.178673 0.05199341 
88 down-sampled 0.06178402 0.05101658 
89 down-sampled -0.01548074 0.04970976 
8 down-sampled 0.1060012 0.05154889 
90 down-sampled 0.09470315 0.05140794 
91 down-sampled -0.0323043 0.0492848 
92 down-sampled 0.0505971 0.05089867 
93 down-sampled 0.119596 0.05167751 
94 down-sampled 0.1131732 0.05160989 
95 down-sampled 0.07217547 0.05115321 
96 down-sampled 0.07386247 0.05120485 
97 down-sampled 0.08605631 0.05135379 
98 down-sampled 0.003198828 0.05006852 
99 down-sampled 0.03305536 0.0506014 
9 down-sampled 0.05725545 0.05096592 
