1 down-sampled 0.1504923 0.05188465 
2 down-sampled 0.05053125 0.05089076 
3 down-sampled 0.06863448 0.05115471 
4 down-sampled 0.04853589 0.05086749 
5 down-sampled 0.04598384 0.05081065 
6 down-sampled -0.02578469 0.04945965 
7 down-sampled 0.08907395 0.0513742 
8 down-sampled -0.01643836 0.04965519 
9 down-sampled 0.12678 0.05172689 
10 down-sampled 0.03667863 0.05068478 
11 down-sampled 0.08421669 0.05130378 
12 down-sampled 0.1110678 0.05165325 
13 down-sampled 0.03080883 0.05053954 
14 down-sampled -0.03832597 0.04915262 
15 down-sampled 0.03512111 0.05064927 
16 down-sampled 0.05247452 0.05090636 
17 down-sampled 0.1299177 0.05177196 
18 down-sampled 0.07960229 0.05128991 
19 down-sampled 0.08386331 0.05126426 
20 down-sampled 0.09162886 0.05145118 
21 down-sampled 0.03358719 0.05061013 
22 down-sampled 0.06880965 0.05114767 
23 down-sampled 0.07115898 0.0511844 
24 down-sampled 0.01216895 0.05023618 
25 down-sampled 0.09439865 0.05145971 
26 down-sampled 0.05305883 0.05090072 
27 down-sampled 0.1014057 0.0514917 
28 down-sampled 0.1261392 0.0516857 
29 down-sampled 0.03270863 0.05060753 
30 down-sampled -0.002506906 0.04995634 
31 down-sampled 0.06097258 0.05104566 
32 down-sampled 0.003615267 0.05005039 
33 down-sampled -0.02010491 0.04959452 
34 down-sampled 0.07750983 0.05126044 
35 down-sampled 0.08986332 0.05138949 
36 down-sampled -0.0007831958 0.0500184 
37 down-sampled 0.09702686 0.05149644 
38 down-sampled 0.03956399 0.05075396 
39 down-sampled 0.03502555 0.05066391 
40 down-sampled 0.02400239 0.05043162 
41 down-sampled 0.01362896 0.05025333 
42 down-sampled 0.001462173 0.04999319 
43 down-sampled 0.06817264 0.05113113 
44 down-sampled 0.07249724 0.05117836 
45 down-sampled 0.03580283 0.05066994 
46 down-sampled 0.09434954 0.05141698 
47 down-sampled 0.1008747 0.05152591 
48 down-sampled 0.1070112 0.05154242 
49 down-sampled 0.02517524 0.05046804 
50 down-sampled 0.03068289 0.05057236 
51 down-sampled 0.04605811 0.05080271 
52 down-sampled 0.1132403 0.05164141 
53 down-sampled 0.00319869 0.05006815 
54 down-sampled 0.1158875 0.05163781 
55 down-sampled 0.02267879 0.05044498 
56 down-sampled -0.005341877 0.04985607 
57 down-sampled 0.1109858 0.05159627 
58 down-sampled 0.05869873 0.05100642 
59 down-sampled -0.0009443861 0.05001568 
60 down-sampled 0.02507115 0.05041905 
61 down-sampled 0.04853156 0.05081503 
62 down-sampled 0.1011564 0.05152617 
63 down-sampled -0.001401081 0.04996374 
64 down-sampled 0.05738956 0.05096441 
65 down-sampled 0.01432067 0.05024887 
66 down-sampled 0.004848467 0.05009348 
67 down-sampled -0.001307351 0.04997276 
68 down-sampled 0.1113301 0.05160643 
69 down-sampled 0.1663398 0.05201131 
70 down-sampled 0.007998959 0.05017402 
71 down-sampled 0.02250234 0.05043677 
72 down-sampled 0.02612496 0.05051376 
73 down-sampled 0.1104816 0.0516024 
74 down-sampled 0.04227613 0.05073147 
75 down-sampled 0.1217721 0.0517395 
76 down-sampled -0.00555572 0.04989305 
77 down-sampled -0.01395144 0.04973554 
78 down-sampled 0.02436309 0.05043646 
79 down-sampled 0.05390722 0.05096053 
80 down-sampled 0.04214448 0.05079967 
81 down-sampled 0.1349168 0.05182496 
82 down-sampled 0.07972108 0.05130214 
83 down-sampled 0.1469218 0.05185257 
84 down-sampled 0.04162339 0.05076889 
85 down-sampled 0.04738028 0.05076337 
86 down-sampled -0.04074811 0.04912876 
87 down-sampled 0.06902303 0.05111612 
88 down-sampled 0.1051905 0.05153101 
89 down-sampled 0.114908 0.05165685 
90 down-sampled -0.01361344 0.04967669 
91 down-sampled -0.0118894 0.04973691 
92 down-sampled 0.05092494 0.05090357 
93 down-sampled 0.04716235 0.0508174 
94 down-sampled -0.009333988 0.04978574 
95 down-sampled 0.057131 0.05094811 
96 down-sampled 0.1131465 0.05163224 
97 down-sampled 0.04394932 0.05078287 
98 down-sampled 0.1175723 0.05167789 
99 down-sampled 0.07194013 0.05117682 
100 down-sampled 0.09300478 0.0514291 
101 down-sampled 0.05561554 0.05097514 
102 down-sampled -0.001431441 0.0499831 
103 down-sampled 0.02611765 0.05049853 
104 down-sampled -0.009350151 0.0498006 
105 down-sampled 0.006817815 0.05011568 
106 down-sampled 0.1135868 0.0516669 
107 down-sampled 0.06098942 0.05104322 
108 down-sampled 0.07554518 0.05115735 
109 down-sampled -0.009616151 0.04975604 
110 down-sampled 0.1027161 0.05155495 
111 down-sampled 0.1125039 0.05165129 
112 down-sampled 0.009400441 0.05021512 
113 down-sampled 0.05475914 0.05096727 
114 down-sampled 0.08953805 0.05143564 
115 down-sampled 0.07005663 0.05109581 
116 down-sampled 0.05881242 0.05097727 
117 down-sampled 0.02139514 0.05039249 
118 down-sampled 0.09887121 0.05150986 
119 down-sampled 0.08935068 0.05138428 
120 down-sampled 0.03692069 0.05068915 
121 down-sampled 0.04615033 0.0508819 
122 down-sampled 0.07452121 0.0512454 
123 down-sampled -0.01651345 0.04965837 
124 down-sampled 0.08015769 0.05129027 
125 down-sampled 0.06902059 0.05117297 
126 down-sampled 0.03821033 0.05069474 
127 down-sampled 0.1189807 0.05163946 
128 down-sampled 0.1672773 0.05198094 
129 down-sampled 0.07547897 0.05122726 
130 down-sampled 0.1112146 0.05161346 
131 down-sampled 0.03155724 0.0505829 
132 down-sampled 0.08494182 0.05133154 
133 down-sampled 0.1454582 0.05191243 
134 down-sampled 0.02320047 0.05040867 
135 down-sampled 0.03044256 0.05055148 
136 down-sampled 0.1196057 0.05168067 
137 down-sampled 0.09458341 0.05147344 
138 down-sampled 0.1004876 0.05152959 
139 down-sampled 0.03522015 0.05062164 
140 down-sampled 0.06152561 0.05102599 
141 down-sampled 0.09358161 0.05143874 
142 down-sampled 0.03554554 0.05063531 
143 down-sampled -0.008962984 0.04983017 
144 down-sampled 0.08640188 0.05139452 
145 down-sampled 0.04253251 0.05070109 
146 down-sampled 0.07533701 0.05122596 
147 down-sampled 0.06682929 0.05111799 
148 down-sampled 0.03877957 0.05070305 
149 down-sampled 0.001497817 0.05003658 
150 down-sampled 0.1353698 0.05181263 
151 down-sampled 0.06058573 0.0510475 
152 down-sampled 0.08707418 0.05136858 
153 down-sampled 0.0727281 0.05121492 
154 down-sampled 0.01808746 0.05034642 
155 down-sampled 0.03418001 0.05061451 
156 down-sampled 0.1184304 0.05165839 
157 down-sampled 0.09605327 0.05145202 
158 down-sampled 0.01277696 0.0502394 
159 down-sampled 0.04618168 0.05080861 
160 down-sampled 0.04830583 0.05087576 
161 down-sampled 0.1491032 0.05191083 
162 down-sampled 0.01707553 0.05027851 
163 down-sampled 0.08077109 0.05127511 
164 down-sampled 0.06909994 0.05113252 
165 down-sampled 0.0768792 0.05127266 
166 down-sampled 0.03810498 0.05069168 
167 down-sampled 0.02939098 0.0505672 
168 down-sampled 0.04235183 0.0507623 
169 down-sampled 0.009117364 0.05022931 
170 down-sampled 0.04215834 0.05076143 
171 down-sampled 0.1340103 0.05176111 
172 down-sampled 0.1163533 0.05165892 
173 down-sampled 0.07587773 0.05125134 
174 down-sampled -0.04951902 0.04889089 
175 down-sampled 0.09196911 0.05143429 
176 down-sampled 0.0337417 0.05060941 
177 down-sampled -0.00577897 0.04990232 
178 down-sampled 0.1060406 0.05154803 
179 down-sampled 0.005937099 0.05009445 
180 down-sampled 0.1379117 0.05178534 
181 down-sampled -0.01020429 0.04980221 
182 down-sampled -0.008523931 0.0498056 
183 down-sampled 0.07627497 0.05122209 
184 down-sampled 0.112678 0.05164573 
185 down-sampled 0.08001554 0.05130452 
186 down-sampled 0.08433753 0.0513457 
187 down-sampled 0.05460976 0.05093494 
188 down-sampled 0.07498891 0.05117658 
189 down-sampled 0.1380778 0.05182109 
190 down-sampled 0.0203486 0.05039641 
191 down-sampled 0.06632982 0.05109786 
192 down-sampled 0.07370884 0.05118522 
193 down-sampled 0.08984469 0.05139546 
194 down-sampled -0.02736816 0.04941222 
195 down-sampled 0.08605831 0.05135365 
196 down-sampled 0.02529345 0.05048631 
197 down-sampled 0.1445247 0.05182989 
198 down-sampled 0.05231472 0.05091405 
199 down-sampled 0.02733562 0.05051224 
200 down-sampled 0.06908548 0.05110582 
201 down-sampled 0.1151609 0.05163007 
202 down-sampled 0.01574708 0.05028479 
203 down-sampled -0.024842 0.04948892 
204 down-sampled 0.07100306 0.05114763 
205 down-sampled 0.01047201 0.05023324 
206 down-sampled 0.05694462 0.05093795 
207 down-sampled 0.01179314 0.05024962 
208 down-sampled 0.02562512 0.0504826 
209 down-sampled 0.05885186 0.05100032 
210 down-sampled -0.05518061 0.04874787 
211 down-sampled 0.07358799 0.05119051 
212 down-sampled 0.05406117 0.05094896 
213 down-sampled 0.1101009 0.05160479 
214 down-sampled 0.09591114 0.05147172 
215 down-sampled 0.02555356 0.05049018 
216 down-sampled 0.007246891 0.05015103 
217 down-sampled 0.0426913 0.05079578 
218 down-sampled 0.09793244 0.05148754 
219 down-sampled 0.02032353 0.05038058 
220 down-sampled 0.03590025 0.05069155 
221 down-sampled -0.03964644 0.049182 
222 down-sampled 0.07277605 0.05117644 
223 down-sampled 0.04456518 0.05080083 
224 down-sampled -0.01045986 0.04976035 
225 down-sampled 0.05802335 0.05099781 
226 down-sampled 0.08413236 0.05130484 
227 down-sampled 0.02732861 0.05048379 
228 down-sampled 0.03447538 0.05061363 
229 down-sampled 0.03039852 0.05056585 
230 down-sampled 0.09225661 0.05141507 
231 down-sampled 0.07886199 0.05128927 
232 down-sampled 0.04902189 0.05086694 
233 down-sampled 0.04628146 0.05079584 
234 down-sampled -0.003533061 0.0499528 
235 down-sampled 0.04393989 0.05080839 
236 down-sampled 0.06164722 0.05102983 
237 down-sampled 0.102103 0.05156879 
238 down-sampled 0.02819702 0.05053019 
239 down-sampled 0.07905824 0.0512365 
240 down-sampled 0.06733188 0.05112417 
241 down-sampled 0.07529059 0.05121434 
242 down-sampled 0.06460072 0.05108755 
243 down-sampled 0.07951257 0.05125897 
244 down-sampled 0.07842238 0.05124062 
245 down-sampled 0.05213189 0.05088334 
246 down-sampled 0.0702913 0.05116833 
247 down-sampled 0.02094422 0.05038631 
248 down-sampled 0.07085142 0.05117719 
249 down-sampled 0.06263261 0.05102032 
250 down-sampled -0.03801448 0.04920306 
251 down-sampled 0.0547636 0.05095491 
252 down-sampled 0.1544143 0.0519117 
253 down-sampled 0.07989473 0.0512695 
254 down-sampled 0.117375 0.05167894 
255 down-sampled 0.06777505 0.05110534 
256 down-sampled 0.03356866 0.05062775 
257 down-sampled 0.03489666 0.05063125 
258 down-sampled 0.09361295 0.05148102 
259 down-sampled 0.07593779 0.0512642 
260 down-sampled 0.0341621 0.0506227 
261 down-sampled 0.05289203 0.05090897 
262 down-sampled 0.0645654 0.05106609 
263 down-sampled -0.009352056 0.04978977 
264 down-sampled 0.0598634 0.05100487 
265 down-sampled 0.07666193 0.05124268 
266 down-sampled 0.02881047 0.05051649 
267 down-sampled 0.02209326 0.0503836 
268 down-sampled 0.07220794 0.05122423 
269 down-sampled 0.09623638 0.05152603 
270 down-sampled 0.08154377 0.05129998 
271 down-sampled 0.09470297 0.05142416 
272 down-sampled 0.09832339 0.0514904 
273 down-sampled -0.03861264 0.04922444 
274 down-sampled 0.042991 0.05073118 
275 down-sampled 0.07238848 0.05116041 
276 down-sampled 0.08520933 0.05136069 
277 down-sampled 0.1126033 0.05162755 
278 down-sampled 7.968306e-05 0.04999948 
279 down-sampled 0.03303449 0.05062349 
280 down-sampled 0.120856 0.05166787 
281 down-sampled -0.01125062 0.049767 
282 down-sampled 0.056117 0.05097253 
283 down-sampled 0.08848877 0.0513668 
284 down-sampled -0.02582131 0.04947523 
285 down-sampled 0.1044074 0.05152505 
286 down-sampled 0.09010416 0.05139121 
287 down-sampled 0.08893095 0.05140337 
288 down-sampled 0.05163302 0.05085509 
289 down-sampled 0.09119694 0.05144115 
290 down-sampled 0.1622685 0.05194189 
291 down-sampled 0.129466 0.05179396 
292 down-sampled 0.1454802 0.05188103 
293 down-sampled 0.203561 0.05205766 
294 down-sampled 0.1023101 0.05150724 
295 down-sampled 0.04126278 0.05074753 
296 down-sampled 0.03339902 0.05055708 
297 down-sampled 0.03598508 0.05067005 
298 down-sampled 0.09152719 0.0514196 
299 down-sampled 0.1037791 0.05153245 
300 down-sampled 0.1133852 0.051595 
301 down-sampled 0.1090898 0.051589 
302 down-sampled 0.05369526 0.05092829 
303 down-sampled 0.06111441 0.05103897 
304 down-sampled 0.01516718 0.05031665 
305 down-sampled -0.05303459 0.04881445 
306 down-sampled 0.011816 0.05021038 
307 down-sampled 0.1453051 0.05187087 
308 down-sampled -0.06295159 0.04857892 
309 down-sampled 0.04833101 0.05088059 
310 down-sampled 0.06833251 0.05115231 
311 down-sampled 0.06054081 0.05103317 
312 down-sampled 0.005042622 0.05012632 
313 down-sampled 0.09267862 0.05142849 
314 down-sampled 0.1019658 0.05149763 
315 down-sampled 0.07181336 0.05115106 
316 down-sampled 0.1010735 0.051554 
317 down-sampled 0.07760395 0.05122356 
318 down-sampled 0.02147633 0.05040293 
319 down-sampled 0.1250796 0.05173214 
320 down-sampled -0.007576192 0.04987157 
321 down-sampled 0.05077271 0.05085794 
322 down-sampled 0.0805928 0.05133095 
323 down-sampled 0.02681688 0.05051101 
324 down-sampled 0.01281699 0.05021247 
325 down-sampled 0.04241774 0.05074494 
326 down-sampled 0.106293 0.05158418 
327 down-sampled 0.1321695 0.05182319 
328 down-sampled 0.1020343 0.05152989 
329 down-sampled 0.05743425 0.05099238 
330 down-sampled 0.02668691 0.05054989 
331 down-sampled 0.06014349 0.05103166 
332 down-sampled 6.782645e-05 0.05001086 
333 down-sampled 0.06880308 0.05113726 
334 down-sampled -0.06241395 0.04862369 
335 down-sampled 0.02721671 0.05053491 
336 down-sampled 0.1001 0.051537 
337 down-sampled 0.09584501 0.05144495 
338 down-sampled 0.0271647 0.05044671 
339 down-sampled 0.03962715 0.05070938 
340 down-sampled 0.00652227 0.05012847 
341 down-sampled 0.02093253 0.05040066 
342 down-sampled 0.06266061 0.05103228 
343 down-sampled 0.03589516 0.05065669 
344 down-sampled 0.1190839 0.05171593 
345 down-sampled 0.03654268 0.05069862 
346 down-sampled 0.07159835 0.05118014 
347 down-sampled -0.03298862 0.04930897 
348 down-sampled 0.08818906 0.05137388 
349 down-sampled 0.09848752 0.05151334 
350 down-sampled 0.07242647 0.05116429 
351 down-sampled 0.05091292 0.050924 
352 down-sampled 0.1392023 0.05183643 
353 down-sampled 0.05757874 0.05094644 
354 down-sampled 0.05305641 0.0509282 
355 down-sampled 0.08271795 0.05131393 
356 down-sampled 0.06141546 0.0510455 
357 down-sampled 0.0707443 0.05112081 
358 down-sampled 0.0945544 0.05146924 
359 down-sampled 0.1129449 0.05160641 
360 down-sampled 0.1027682 0.05155866 
361 down-sampled 0.1056169 0.05157621 
362 down-sampled 0.0611734 0.05107425 
363 down-sampled 0.07157603 0.05118212 
364 down-sampled 0.05083877 0.05090284 
365 down-sampled 0.04422025 0.05078335 
366 down-sampled 0.06228783 0.05102593 
367 down-sampled -0.004677282 0.04988269 
368 down-sampled -0.005042102 0.04993044 
369 down-sampled 0.03790776 0.05066699 
370 down-sampled 0.09137675 0.05138878 
371 down-sampled 0.09895956 0.0514694 
372 down-sampled 0.1233556 0.05173429 
373 down-sampled 0.01469196 0.05027785 
374 down-sampled 0.03262346 0.05056185 
375 down-sampled 0.05285849 0.05090188 
376 down-sampled 0.04685466 0.05088422 
377 down-sampled 0.09690359 0.05149613 
378 down-sampled 0.08294047 0.05128596 
379 down-sampled 0.03378503 0.050644 
380 down-sampled 0.006111195 0.05012366 
381 down-sampled 0.06459265 0.05107084 
382 down-sampled 0.009028784 0.05015731 
383 down-sampled 0.05361191 0.05091798 
384 down-sampled 0.09037387 0.05139681 
385 down-sampled 0.09461672 0.05148644 
386 down-sampled 0.0938973 0.05145293 
387 down-sampled 0.04128919 0.05072058 
388 down-sampled 0.1397295 0.05186462 
389 down-sampled 0.05734709 0.05090843 
390 down-sampled 0.0091801 0.05020453 
391 down-sampled 0.130096 0.05180888 
392 down-sampled 0.007650997 0.05014977 
393 down-sampled 0.07522302 0.05122409 
394 down-sampled 0.0859133 0.05132556 
395 down-sampled 0.09949448 0.05150522 
396 down-sampled 0.1025168 0.05154767 
397 down-sampled 0.1192427 0.05166837 
398 down-sampled 0.0754816 0.05120249 
399 down-sampled 0.1023607 0.05151304 
400 down-sampled 0.03153473 0.05049804 
401 down-sampled 0.06002412 0.05102151 
402 down-sampled 0.02550906 0.05048265 
403 down-sampled 0.008946859 0.05015671 
404 down-sampled 0.08880585 0.05140508 
405 down-sampled 0.06707758 0.05110253 
406 down-sampled 0.08827306 0.05140002 
407 down-sampled -0.03179642 0.04934096 
408 down-sampled -0.01181961 0.04978591 
409 down-sampled 0.1371744 0.05178942 
410 down-sampled 0.03211916 0.05057271 
411 down-sampled 0.0706141 0.05117785 
412 down-sampled 0.1258257 0.05173924 
413 down-sampled 0.01463956 0.05031479 
414 down-sampled 0.08695838 0.05135353 
415 down-sampled 0.1045783 0.05155411 
416 down-sampled 0.08688693 0.051406 
417 down-sampled 0.007314028 0.0501548 
418 down-sampled 0.08377761 0.05132734 
419 down-sampled 0.09448659 0.0514601 
420 down-sampled 0.05539412 0.05097506 
421 down-sampled 0.01221742 0.05026761 
422 down-sampled -0.01108497 0.04974843 
423 down-sampled 0.05690697 0.05096971 
424 down-sampled 0.1366824 0.05181883 
425 down-sampled 0.04772534 0.05083279 
426 down-sampled 0.0589347 0.05101517 
427 down-sampled 0.009118126 0.05021919 
428 down-sampled 0.0317128 0.05058068 
429 down-sampled 0.1337274 0.05181655 
430 down-sampled 0.1005956 0.05152358 
431 down-sampled 0.03342926 0.05064803 
432 down-sampled 0.09780165 0.05146613 
433 down-sampled -0.02617104 0.04947392 
434 down-sampled 0.05851871 0.05095272 
435 down-sampled 0.002745116 0.05004497 
436 down-sampled 0.03802338 0.05068889 
437 down-sampled 0.07897976 0.05126229 
438 down-sampled 0.05039183 0.05088595 
439 down-sampled 0.04278514 0.05074617 
440 down-sampled 0.09267776 0.05140633 
441 down-sampled 0.07042649 0.05114756 
442 down-sampled 0.08885372 0.05136567 
443 down-sampled 0.08453093 0.05132697 
444 down-sampled 0.0543098 0.05092715 
445 down-sampled 0.05263242 0.05092147 
446 down-sampled 0.05626624 0.05096221 
447 down-sampled -0.01659927 0.0496409 
448 down-sampled 0.06965321 0.05119013 
449 down-sampled 0.05590128 0.05096694 
450 down-sampled 0.05211462 0.05090742 
451 down-sampled 0.0592572 0.05104563 
452 down-sampled 0.05198069 0.05089427 
453 down-sampled 0.01826389 0.05035594 
454 down-sampled 0.1187733 0.05167884 
455 down-sampled 0.01326166 0.0502077 
456 down-sampled 0.0443736 0.05076549 
457 down-sampled -0.02436265 0.04950882 
458 down-sampled -0.03324931 0.04925519 
459 down-sampled 0.1505536 0.05186837 
460 down-sampled 0.02861003 0.05053678 
461 down-sampled 0.06765963 0.05111701 
462 down-sampled 0.03017586 0.05057968 
463 down-sampled 0.05942934 0.05103461 
464 down-sampled 0.002877246 0.05005733 
465 down-sampled 0.06645553 0.05109764 
466 down-sampled 0.06455208 0.05109972 
467 down-sampled 0.02332745 0.05046828 
468 down-sampled 0.08862817 0.0513712 
469 down-sampled 0.03604487 0.05063569 
470 down-sampled 0.08094516 0.05128774 
471 down-sampled 0.1329343 0.05180094 
472 down-sampled 0.02980907 0.0505176 
473 down-sampled 0.1323827 0.05174089 
474 down-sampled 0.02619855 0.05048513 
475 down-sampled 0.126161 0.05176761 
476 down-sampled 0.08322815 0.0513386 
477 down-sampled 0.07130146 0.05114837 
478 down-sampled 0.07767926 0.05123168 
479 down-sampled 0.04137987 0.05074995 
480 down-sampled 0.02873955 0.05056504 
481 down-sampled 0.0888097 0.05136845 
482 down-sampled 0.04604097 0.05079997 
483 down-sampled 0.06454999 0.05107894 
484 down-sampled 0.1182557 0.05165851 
485 down-sampled 0.108416 0.05160381 
486 down-sampled 0.001073813 0.05004526 
487 down-sampled 0.02451636 0.05045274 
488 down-sampled 0.06050499 0.05100489 
489 down-sampled 0.06316469 0.05103527 
490 down-sampled 0.06437969 0.05104859 
491 down-sampled 0.05864881 0.05097181 
492 down-sampled 0.0514439 0.05088231 
493 down-sampled 0.1351263 0.05179751 
494 down-sampled 0.05847094 0.05099482 
495 down-sampled 0.02324926 0.05042145 
496 down-sampled -0.03756846 0.04920745 
497 down-sampled 0.01877459 0.05036912 
498 down-sampled 0.1428051 0.0518516 
499 down-sampled -0.003266535 0.04994537 
500 down-sampled 0.03833991 0.05066221 
